C:\Users\Cody\Documents\Code\youtube-pubslisher-helper\YoutubePublisherHelper\src\dist\out-tsc\src\app\home\home.component.js
C:\Users\Cody\Documents\Code\youtube-pubslisher-helper\YoutubePublisherHelper\src\dist\out-tsc\src\app\home\home.component.js.map
C:\Users\Cody\Documents\Code\youtube-pubslisher-helper\YoutubePublisherHelper\src\dist\out-tsc\src\app\app.routing.js
C:\Users\Cody\Documents\Code\youtube-pubslisher-helper\YoutubePublisherHelper\src\dist\out-tsc\src\app\app.routing.js.map
C:\Users\Cody\Documents\Code\youtube-pubslisher-helper\YoutubePublisherHelper\src\dist\out-tsc\src\app\app.component.js
C:\Users\Cody\Documents\Code\youtube-pubslisher-helper\YoutubePublisherHelper\src\dist\out-tsc\src\app\app.component.js.map
C:\Users\Cody\Documents\Code\youtube-pubslisher-helper\YoutubePublisherHelper\src\dist\out-tsc\src\environments\environment.js
C:\Users\Cody\Documents\Code\youtube-pubslisher-helper\YoutubePublisherHelper\src\dist\out-tsc\src\environments\environment.js.map
C:\Users\Cody\Documents\Code\youtube-pubslisher-helper\YoutubePublisherHelper\src\dist\out-tsc\src\app\shared\models\user.model.js
C:\Users\Cody\Documents\Code\youtube-pubslisher-helper\YoutubePublisherHelper\src\dist\out-tsc\src\app\shared\models\user.model.js.map
C:\Users\Cody\Documents\Code\youtube-pubslisher-helper\YoutubePublisherHelper\src\dist\out-tsc\src\app\shared\services\auth.service.js
C:\Users\Cody\Documents\Code\youtube-pubslisher-helper\YoutubePublisherHelper\src\dist\out-tsc\src\app\shared\services\auth.service.js.map
C:\Users\Cody\Documents\Code\youtube-pubslisher-helper\YoutubePublisherHelper\src\dist\out-tsc\src\app\shared\header\header.component.js
C:\Users\Cody\Documents\Code\youtube-pubslisher-helper\YoutubePublisherHelper\src\dist\out-tsc\src\app\shared\header\header.component.js.map
C:\Users\Cody\Documents\Code\youtube-pubslisher-helper\YoutubePublisherHelper\src\dist\out-tsc\src\app\account\account.component.js
C:\Users\Cody\Documents\Code\youtube-pubslisher-helper\YoutubePublisherHelper\src\dist\out-tsc\src\app\account\account.component.js.map
C:\Users\Cody\Documents\Code\youtube-pubslisher-helper\YoutubePublisherHelper\src\dist\out-tsc\src\app\account\user-details\user-details.component.js
C:\Users\Cody\Documents\Code\youtube-pubslisher-helper\YoutubePublisherHelper\src\dist\out-tsc\src\app\account\user-details\user-details.component.js.map
C:\Users\Cody\Documents\Code\youtube-pubslisher-helper\YoutubePublisherHelper\src\dist\out-tsc\src\app\account\user-catalog\user-catalog.component.js
C:\Users\Cody\Documents\Code\youtube-pubslisher-helper\YoutubePublisherHelper\src\dist\out-tsc\src\app\account\user-catalog\user-catalog.component.js.map
C:\Users\Cody\Documents\Code\youtube-pubslisher-helper\YoutubePublisherHelper\src\dist\out-tsc\src\app\shared\shared-account\account-constants.js
C:\Users\Cody\Documents\Code\youtube-pubslisher-helper\YoutubePublisherHelper\src\dist\out-tsc\src\app\shared\shared-account\account-constants.js.map
C:\Users\Cody\Documents\Code\youtube-pubslisher-helper\YoutubePublisherHelper\src\dist\out-tsc\src\app\shared\shared-account\user-login\user-login.component.js
C:\Users\Cody\Documents\Code\youtube-pubslisher-helper\YoutubePublisherHelper\src\dist\out-tsc\src\app\shared\shared-account\user-login\user-login.component.js.map
C:\Users\Cody\Documents\Code\youtube-pubslisher-helper\YoutubePublisherHelper\src\dist\out-tsc\src\app\shared\shared-account\user-registration\user-registration.component.js
C:\Users\Cody\Documents\Code\youtube-pubslisher-helper\YoutubePublisherHelper\src\dist\out-tsc\src\app\shared\shared-account\user-registration\user-registration.component.js.map
C:\Users\Cody\Documents\Code\youtube-pubslisher-helper\YoutubePublisherHelper\src\dist\out-tsc\src\app\app.module.js
C:\Users\Cody\Documents\Code\youtube-pubslisher-helper\YoutubePublisherHelper\src\dist\out-tsc\src\app\app.module.js.map
C:\Users\Cody\Documents\Code\youtube-pubslisher-helper\YoutubePublisherHelper\src\dist\out-tsc\src\main.js
C:\Users\Cody\Documents\Code\youtube-pubslisher-helper\YoutubePublisherHelper\src\dist\out-tsc\src\main.js.map
C:\Users\Cody\Documents\Code\youtube-pubslisher-helper\YoutubePublisherHelper\src\dist\out-tsc\src\polyfills.js
C:\Users\Cody\Documents\Code\youtube-pubslisher-helper\YoutubePublisherHelper\src\dist\out-tsc\src\polyfills.js.map
C:\Users\Cody\Documents\Code\youtube-pubslisher-helper\YoutubePublisherHelper\src\dist\out-tsc\src\test.js
C:\Users\Cody\Documents\Code\youtube-pubslisher-helper\YoutubePublisherHelper\src\dist\out-tsc\src\test.js.map
C:\Users\Cody\Documents\Code\youtube-pubslisher-helper\YoutubePublisherHelper\src\dist\out-tsc\src\environments\environment.prod.js
C:\Users\Cody\Documents\Code\youtube-pubslisher-helper\YoutubePublisherHelper\src\dist\out-tsc\src\environments\environment.prod.js.map
C:\Users\Cody\Documents\Code\youtube-pubslisher-helper\YoutubePublisherHelper\src\dist\out-tsc\src\app\app.component.spec.js
C:\Users\Cody\Documents\Code\youtube-pubslisher-helper\YoutubePublisherHelper\src\dist\out-tsc\src\app\app.component.spec.js.map
C:\Users\Cody\Documents\Code\youtube-pubslisher-helper\YoutubePublisherHelper\src\dist\out-tsc\src\app\auth.guard.js
C:\Users\Cody\Documents\Code\youtube-pubslisher-helper\YoutubePublisherHelper\src\dist\out-tsc\src\app\auth.guard.js.map
C:\Users\Cody\Documents\Code\youtube-pubslisher-helper\YoutubePublisherHelper\src\dist\out-tsc\src\app\shared\shared-account\user-registration\user-registration.component.spec.js
C:\Users\Cody\Documents\Code\youtube-pubslisher-helper\YoutubePublisherHelper\src\dist\out-tsc\src\app\shared\shared-account\user-registration\user-registration.component.spec.js.map
C:\Users\Cody\Documents\Code\youtube-pubslisher-helper\YoutubePublisherHelper\src\dist\out-tsc\src\app\shared\shared-account\user-login\user-login.component.spec.js
C:\Users\Cody\Documents\Code\youtube-pubslisher-helper\YoutubePublisherHelper\src\dist\out-tsc\src\app\shared\shared-account\user-login\user-login.component.spec.js.map
C:\Users\Cody\Documents\Code\youtube-pubslisher-helper\YoutubePublisherHelper\src\dist\out-tsc\src\app\shared\services\auth.service.spec.js
C:\Users\Cody\Documents\Code\youtube-pubslisher-helper\YoutubePublisherHelper\src\dist\out-tsc\src\app\shared\services\auth.service.spec.js.map
C:\Users\Cody\Documents\Code\youtube-pubslisher-helper\YoutubePublisherHelper\src\dist\out-tsc\src\app\shared\header\header.component.spec.js
C:\Users\Cody\Documents\Code\youtube-pubslisher-helper\YoutubePublisherHelper\src\dist\out-tsc\src\app\shared\header\header.component.spec.js.map
C:\Users\Cody\Documents\Code\youtube-pubslisher-helper\YoutubePublisherHelper\src\dist\out-tsc\src\app\shared\directives\email.validator.directive.js
C:\Users\Cody\Documents\Code\youtube-pubslisher-helper\YoutubePublisherHelper\src\dist\out-tsc\src\app\shared\directives\email.validator.directive.js.map
C:\Users\Cody\Documents\Code\youtube-pubslisher-helper\YoutubePublisherHelper\src\dist\out-tsc\src\app\shared\directives\focus.directive.js
C:\Users\Cody\Documents\Code\youtube-pubslisher-helper\YoutubePublisherHelper\src\dist\out-tsc\src\app\shared\directives\focus.directive.js.map
C:\Users\Cody\Documents\Code\youtube-pubslisher-helper\YoutubePublisherHelper\src\dist\out-tsc\src\app\home\home.component.spec.js
C:\Users\Cody\Documents\Code\youtube-pubslisher-helper\YoutubePublisherHelper\src\dist\out-tsc\src\app\home\home.component.spec.js.map
C:\Users\Cody\Documents\Code\youtube-pubslisher-helper\YoutubePublisherHelper\src\dist\out-tsc\src\app\account\account.component.spec.js
C:\Users\Cody\Documents\Code\youtube-pubslisher-helper\YoutubePublisherHelper\src\dist\out-tsc\src\app\account\account.component.spec.js.map
C:\Users\Cody\Documents\Code\youtube-pubslisher-helper\YoutubePublisherHelper\src\dist\out-tsc\src\app\account\user-details\user-details.component.spec.js
C:\Users\Cody\Documents\Code\youtube-pubslisher-helper\YoutubePublisherHelper\src\dist\out-tsc\src\app\account\user-details\user-details.component.spec.js.map
C:\Users\Cody\Documents\Code\youtube-pubslisher-helper\YoutubePublisherHelper\src\dist\out-tsc\src\app\account\user-catalog\user-catalog.component.spec.js
C:\Users\Cody\Documents\Code\youtube-pubslisher-helper\YoutubePublisherHelper\src\dist\out-tsc\src\app\account\user-catalog\user-catalog.component.spec.js.map
C:\Users\Cody\Documents\Code\youtube-pubslisher-helper\YoutubePublisherHelper\src\dist\out-tsc\e2e\app.po.js
C:\Users\Cody\Documents\Code\youtube-pubslisher-helper\YoutubePublisherHelper\src\dist\out-tsc\e2e\app.po.js.map
C:\Users\Cody\Documents\Code\youtube-pubslisher-helper\YoutubePublisherHelper\src\dist\out-tsc\e2e\app.e2e-spec.js
C:\Users\Cody\Documents\Code\youtube-pubslisher-helper\YoutubePublisherHelper\src\dist\out-tsc\e2e\app.e2e-spec.js.map
